# JRE version: Java(TM) SE Runtime Environment (17.0.7+8) (build 17.0.7+8-LTS-224)
# Java VM: Java HotSpot(TM) 64-Bit Server VM (17.0.7+8-LTS-224, mixed mode, sharing, tiered, compressed oops, compressed class ptrs, g1 gc, windows-amd64)
GC Precious Log:
 CPUs: 8 total, 8 available
 Memory: 8072M
 Large Page Support: Disabled
 NUMA Support: Disabled
 Compressed Oops: Enabled (32-bit)
 Heap Region Size: 1M
 Heap Min Capacity: 8M
 Heap Initial Capacity: 128M
 Heap Max Capacity: 2020M
 Pre-touch: Disabled
 Parallel Workers: 8
 Concurrent Workers: 2
 Concurrent Refinement Workers: 8
 Periodic GC: Disabled
Heap:
 garbage-first heap   total 92160K, used 28858K [0x0000000081c00000, 0x0000000100000000)
  region size 1024K, 6 young (6144K), 4 survivors (4096K)
 Metaspace       used 70821K, committed 71424K, reserved 1114112K
  class space    used 9176K, committed 9472K, reserved 1048576K
GC Heap History (20 events):
Event: 2323.006 GC heap before
{Heap before GC invocations=16 (full 0):
 garbage-first heap   total 92160K, used 70865K [0x0000000081c00000, 0x0000000100000000)
  region size 1024K, 47 young (48128K), 5 survivors (5120K)
 Metaspace       used 70342K, committed 70976K, reserved 1114112K
  class space    used 9172K, committed 9472K, reserved 1048576K
}
Event: 2323.016 GC heap after
{Heap after GC invocations=17 (full 0):
 garbage-first heap   total 92160K, used 27877K [0x0000000081c00000, 0x0000000100000000)
  region size 1024K, 4 young (4096K), 4 survivors (4096K)
 Metaspace       used 70342K, committed 70976K, reserved 1114112K
  class space    used 9172K, committed 9472K, reserved 1048576K
}
Event: 2325.841 GC heap before
{Heap before GC invocations=17 (full 0):
 garbage-first heap   total 92160K, used 71909K [0x0000000081c00000, 0x0000000100000000)
  region size 1024K, 47 young (48128K), 4 survivors (4096K)
 Metaspace       used 70660K, committed 71232K, reserved 1114112K
  class space    used 9172K, committed 9472K, reserved 1048576K
}
Event: 2325.846 GC heap after
{Heap after GC invocations=18 (full 0):
 garbage-first heap   total 92160K, used 27856K [0x0000000081c00000, 0x0000000100000000)
  region size 1024K, 4 young (4096K), 4 survivors (4096K)
 Metaspace       used 70660K, committed 71232K, reserved 1114112K
  class space    used 9172K, committed 9472K, reserved 1048576K
}
Event: 2327.964 GC heap before
{Heap before GC invocations=18 (full 0):
 garbage-first heap   total 92160K, used 72912K [0x0000000081c00000, 0x0000000100000000)
  region size 1024K, 48 young (49152K), 4 survivors (4096K)
 Metaspace       used 70775K, committed 71360K, reserved 1114112K
  class space    used 9173K, committed 9472K, reserved 1048576K
}
Event: 2327.969 GC heap after
{Heap after GC invocations=19 (full 0):
 garbage-first heap   total 92160K, used 27899K [0x0000000081c00000, 0x0000000100000000)
  region size 1024K, 4 young (4096K), 4 survivors (4096K)
 Metaspace       used 70775K, committed 71360K, reserved 1114112K
  class space    used 9173K, committed 9472K, reserved 1048576K
}
Event: 2330.308 GC heap before
{Heap before GC invocations=19 (full 0):
 garbage-first heap   total 92160K, used 75003K [0x0000000081c00000, 0x0000000100000000)
  region size 1024K, 50 young (51200K), 4 survivors (4096K)
 Metaspace       used 70783K, committed 71424K, reserved 1114112K
  class space    used 9173K, committed 9472K, reserved 1048576K
}
Event: 2330.315 GC heap after
{Heap after GC invocations=20 (full 0):
 garbage-first heap   total 92160K, used 27922K [0x0000000081c00000, 0x0000000100000000)
  region size 1024K, 4 young (4096K), 4 survivors (4096K)
 Metaspace       used 70783K, committed 71424K, reserved 1114112K
  class space    used 9173K, committed 9472K, reserved 1048576K
}
Event: 2332.368 GC heap before
{Heap before GC invocations=20 (full 0):
 garbage-first heap   total 92160K, used 76050K [0x0000000081c00000, 0x0000000100000000)
  region size 1024K, 51 young (52224K), 4 survivors (4096K)
 Metaspace       used 70790K, committed 71424K, reserved 1114112K
  class space    used 9173K, committed 9472K, reserved 1048576K
}
Event: 2332.373 GC heap after
{Heap after GC invocations=21 (full 0):
 garbage-first heap   total 92160K, used 27834K [0x0000000081c00000, 0x0000000100000000)
  region size 1024K, 4 young (4096K), 4 survivors (4096K)
 Metaspace       used 70790K, committed 71424K, reserved 1114112K
  class space    used 9173K, committed 9472K, reserved 1048576K
}
Event: 2334.455 GC heap before
{Heap before GC invocations=21 (full 0):
 garbage-first heap   total 92160K, used 76986K [0x0000000081c00000, 0x0000000100000000)
  region size 1024K, 52 young (53248K), 4 survivors (4096K)
 Metaspace       used 70791K, committed 71424K, reserved 1114112K
  class space    used 9174K, committed 9472K, reserved 1048576K
}
Event: 2334.463 GC heap after
{Heap after GC invocations=22 (full 0):
 garbage-first heap   total 92160K, used 27779K [0x0000000081c00000, 0x0000000100000000)
  region size 1024K, 4 young (4096K), 4 survivors (4096K)
 Metaspace       used 70791K, committed 71424K, reserved 1114112K
  class space    used 9174K, committed 9472K, reserved 1048576K
}
Event: 2336.547 GC heap before
{Heap before GC invocations=22 (full 0):
 garbage-first heap   total 92160K, used 76931K [0x0000000081c00000, 0x0000000100000000)
  region size 1024K, 52 young (53248K), 4 survivors (4096K)
 Metaspace       used 70794K, committed 71424K, reserved 1114112K
  class space    used 9175K, committed 9472K, reserved 1048576K
}
Event: 2336.552 GC heap after
{Heap after GC invocations=23 (full 0):
 garbage-first heap   total 92160K, used 27850K [0x0000000081c00000, 0x0000000100000000)
  region size 1024K, 4 young (4096K), 4 survivors (4096K)
 Metaspace       used 70794K, committed 71424K, reserved 1114112K
  class space    used 9175K, committed 9472K, reserved 1048576K
}
Event: 2338.548 GC heap before
{Heap before GC invocations=23 (full 0):
 garbage-first heap   total 92160K, used 77002K [0x0000000081c00000, 0x0000000100000000)
  region size 1024K, 52 young (53248K), 4 survivors (4096K)
 Metaspace       used 70816K, committed 71424K, reserved 1114112K
  class space    used 9175K, committed 9472K, reserved 1048576K
}
Event: 2338.553 GC heap after
{Heap after GC invocations=24 (full 0):
 garbage-first heap   total 92160K, used 27834K [0x0000000081c00000, 0x0000000100000000)
  region size 1024K, 4 young (4096K), 4 survivors (4096K)
 Metaspace       used 70816K, committed 71424K, reserved 1114112K
  class space    used 9175K, committed 9472K, reserved 1048576K
}
Event: 2340.590 GC heap before
{Heap before GC invocations=24 (full 0):
 garbage-first heap   total 92160K, used 76986K [0x0000000081c00000, 0x0000000100000000)
  region size 1024K, 52 young (53248K), 4 survivors (4096K)
 Metaspace       used 70818K, committed 71424K, reserved 1114112K
  class space    used 9175K, committed 9472K, reserved 1048576K
}
Event: 2340.595 GC heap after
{Heap after GC invocations=25 (full 0):
 garbage-first heap   total 92160K, used 27948K [0x0000000081c00000, 0x0000000100000000)
  region size 1024K, 4 young (4096K), 4 survivors (4096K)
 Metaspace       used 70818K, committed 71424K, reserved 1114112K
  class space    used 9175K, committed 9472K, reserved 1048576K
}
Event: 2342.626 GC heap before
{Heap before GC invocations=25 (full 0):
 garbage-first heap   total 92160K, used 77100K [0x0000000081c00000, 0x0000000100000000)
  region size 1024K, 52 young (53248K), 4 survivors (4096K)
 Metaspace       used 70821K, committed 71424K, reserved 1114112K
  class space    used 9176K, committed 9472K, reserved 1048576K
}
Event: 2342.631 GC heap after
{Heap after GC invocations=26 (full 0):
 garbage-first heap   total 92160K, used 27834K [0x0000000081c00000, 0x0000000100000000)
  region size 1024K, 4 young (4096K), 4 survivors (4096K)
 Metaspace       used 70821K, committed 71424K, reserved 1114112K
  class space    used 9176K, committed 9472K, reserved 1048576K
}

